Build started 10/10/2015 5:23:09 PM.
     1>Project "C:\Users\pinguin\Desktop\PacketFilter\HelloTest2\HelloTest2\HelloTest2.vcxproj" on node 2 (Build target(s)).
     1>ClCompile:
         C:\Program Files (x86)\Microsoft Visual Studio 14.0\VC\bin\CL.exe /c /Zi /nologo /W3 /WX- /O2 /Oi /Oy- /GL /D WIN32 /D NDEBUG /D _CONSOLE /D _UNICODE /D UNICODE /Gm- /EHsc /MD /GS /Gy /fp:precise /Zc:wchar_t /Zc:forScope /Zc:inline /Yc"stdafx.h" /Fp"Release\HelloTest2.pch" /Fo"Release\\" /Fd"Release\vc140.pdb" /Gd /TP /analyze- /errorReport:prompt stdafx.cpp
         stdafx.cpp
         C:\Program Files (x86)\Microsoft Visual Studio 14.0\VC\bin\CL.exe /c /Zi /nologo /W3 /WX- /O2 /Oi /Oy- /GL /D WIN32 /D NDEBUG /D _CONSOLE /D _UNICODE /D UNICODE /Gm- /EHsc /MD /GS /Gy /fp:precise /Zc:wchar_t /Zc:forScope /Zc:inline /Yu"stdafx.h" /Fp"Release\HelloTest2.pch" /Fo"Release\\" /Fd"Release\vc140.pdb" /Gd /TP /analyze- /errorReport:prompt HelloTest2.cpp
         HelloTest2.cpp
     1>HelloTest2.cpp(61): error C2664: 'HRESULT StringCchPrintfW(STRSAFE_LPWSTR,size_t,STRSAFE_LPCWSTR,...)': cannot convert argument 1 from 'char [2]' to 'STRSAFE_LPWSTR'
         HelloTest2.cpp(61): note: Types pointed to are unrelated; conversion requires reinterpret_cast, C-style cast or function-style cast
     1>HelloTest2.cpp(106): error C2664: 'int lstrlenW(LPCWSTR)': cannot convert argument 1 from 'char *' to 'LPCWSTR'
         HelloTest2.cpp(106): note: Types pointed to are unrelated; conversion requires reinterpret_cast, C-style cast or function-style cast
     1>HelloTest2.cpp(109): error C2660: 'PacketFilter::ParseIPAddrString': function does not take 4 arguments
     1>HelloTest2.cpp(406): warning C4129: 'S': unrecognized character escape sequence
     1>Done Building Project "C:\Users\pinguin\Desktop\PacketFilter\HelloTest2\HelloTest2\HelloTest2.vcxproj" (Build target(s)) -- FAILED.

Build FAILED.

Time Elapsed 00:00:00.71
